<?xml version="1.0" encoding="UTF-8"?>
<testsuite xmlns:xsi="http://www.w3.org/2001/XMLSchema-instance" xsi:noNamespaceSchemaLocation="https://maven.apache.org/surefire/maven-surefire-plugin/xsd/surefire-test-report-3.0.xsd" version="3.0" name="com.example.homework003.Homework003ApplicationTests" time="1.658" tests="1" errors="0" skipped="0" failures="0">
  <properties>
[...]
</properties>
  <testcase name="contextLoads" classname="com.example.homework003.Homework003ApplicationTests" time="0.402">
    <system-out><![CDATA[14:22:28.520 [main] INFO org.springframework.test.context.support.AnnotationConfigContextLoaderUtils -- Could not detect default configuration classes for test class [com.example.homework003.Homework003ApplicationTests]: Homework003ApplicationTests does not declare any static, non-private, non-final, nested classes annotated with @Configuration.
14:22:28.569 [main] INFO org.springframework.boot.test.context.SpringBootTestContextBootstrapper -- Found @SpringBootConfiguration com.example.homework003.Homework003Application for test class com.example.homework003.Homework003ApplicationTests

  .   ____          _            __ _ _
 /\\ / ___'_ __ _ _(_)_ __  __ _ \ \ \ \
( ( )\___ | '_ | '_| | '_ \/ _` | \ \ \ \
 \\/  ___)| |_)| | | | | || (_| |  ) ) ) )
  '  |____| .__|_| |_|_| |_\__, | / / / /
 =========|_|==============|___/=/_/_/_/
 :: Spring Boot ::                (v3.1.2)

2024-03-06T14:22:28.901+07:00  INFO 39281 --- [           main] c.e.h.Homework003ApplicationTests        : Starting Homework003ApplicationTests using Java 17.0.10 with PID 39281 (started by kenkimheang in /Users/kenkimheang/Documents/Personal/demo-project/spring-jenkins)
2024-03-06T14:22:28.902+07:00  INFO 39281 --- [           main] c.e.h.Homework003ApplicationTests        : No active profile set, falling back to 1 default profile: "default"
2024-03-06T14:22:29.690+07:00  INFO 39281 --- [           main] c.e.h.Homework003ApplicationTests        : Started Homework003ApplicationTests in 1.059 seconds (process running for 1.479)
]]></system-out>
  </testcase>
</testsuite>